[debug] [2024-04-10T18:32:05.400Z] ----------------------------------------------------------------------
[debug] [2024-04-10T18:32:05.402Z] Command:       /home/razplayz/.nvm/versions/node/v20.12.0/bin/node /home/razplayz/.nvm/versions/node/v20.12.0/bin/firebase deploy
[debug] [2024-04-10T18:32:05.402Z] CLI Version:   13.7.1
[debug] [2024-04-10T18:32:05.402Z] Platform:      linux
[debug] [2024-04-10T18:32:05.402Z] Node Version:  v20.12.0
[debug] [2024-04-10T18:32:05.402Z] Time:          Wed Apr 10 2024 13:32:05 GMT-0500 (Central Daylight Time)
[debug] [2024-04-10T18:32:05.402Z] ----------------------------------------------------------------------
[debug] 
[debug] [2024-04-10T18:32:05.404Z] >>> [apiv2][query] GET https://firebase-public.firebaseio.com/cli.json [none]
[debug] [2024-04-10T18:32:05.481Z] > command requires scopes: ["email","openid","https://www.googleapis.com/auth/cloudplatformprojects.readonly","https://www.googleapis.com/auth/firebase","https://www.googleapis.com/auth/cloud-platform"]
[debug] [2024-04-10T18:32:05.481Z] > authorizing via signed-in user (raz611103@gmail.com)
[debug] [2024-04-10T18:32:05.481Z] [iam] checking project pokemon-galactic-webstore for permissions ["cloudfunctions.functions.create","cloudfunctions.functions.delete","cloudfunctions.functions.get","cloudfunctions.functions.list","cloudfunctions.functions.update","cloudfunctions.operations.get","datastore.indexes.create","datastore.indexes.delete","datastore.indexes.list","datastore.indexes.update","firebase.projects.get","firebasehosting.sites.update","firebaserules.releases.create","firebaserules.releases.update","firebaserules.rulesets.create"]
[debug] [2024-04-10T18:32:05.482Z] > refreshing access token with scopes: []
[debug] [2024-04-10T18:32:05.482Z] >>> [apiv2][query] POST https://www.googleapis.com/oauth2/v3/token [none]
[debug] [2024-04-10T18:32:05.483Z] >>> [apiv2][body] POST https://www.googleapis.com/oauth2/v3/token [omitted]
[debug] [2024-04-10T18:32:05.583Z] <<< [apiv2][status] GET https://firebase-public.firebaseio.com/cli.json 200
[debug] [2024-04-10T18:32:05.583Z] <<< [apiv2][body] GET https://firebase-public.firebaseio.com/cli.json {"cloudBuildErrorAfter":1594252800000,"cloudBuildWarnAfter":1590019200000,"defaultNode10After":1594252800000,"minVersion":"3.0.5","node8DeploysDisabledAfter":1613390400000,"node8RuntimeDisabledAfter":1615809600000,"node8WarnAfter":1600128000000}
[debug] [2024-04-10T18:32:05.594Z] <<< [apiv2][status] POST https://www.googleapis.com/oauth2/v3/token 200
[debug] [2024-04-10T18:32:05.594Z] <<< [apiv2][body] POST https://www.googleapis.com/oauth2/v3/token [omitted]
[debug] [2024-04-10T18:32:05.598Z] >>> [apiv2][query] POST https://cloudresourcemanager.googleapis.com/v1/projects/pokemon-galactic-webstore:testIamPermissions [none]
[debug] [2024-04-10T18:32:05.598Z] >>> [apiv2][(partial)header] POST https://cloudresourcemanager.googleapis.com/v1/projects/pokemon-galactic-webstore:testIamPermissions x-goog-quota-user=projects/pokemon-galactic-webstore
[debug] [2024-04-10T18:32:05.599Z] >>> [apiv2][body] POST https://cloudresourcemanager.googleapis.com/v1/projects/pokemon-galactic-webstore:testIamPermissions {"permissions":["cloudfunctions.functions.create","cloudfunctions.functions.delete","cloudfunctions.functions.get","cloudfunctions.functions.list","cloudfunctions.functions.update","cloudfunctions.operations.get","datastore.indexes.create","datastore.indexes.delete","datastore.indexes.list","datastore.indexes.update","firebase.projects.get","firebasehosting.sites.update","firebaserules.releases.create","firebaserules.releases.update","firebaserules.rulesets.create"]}
[debug] [2024-04-10T18:32:05.764Z] <<< [apiv2][status] POST https://cloudresourcemanager.googleapis.com/v1/projects/pokemon-galactic-webstore:testIamPermissions 200
[debug] [2024-04-10T18:32:05.765Z] <<< [apiv2][body] POST https://cloudresourcemanager.googleapis.com/v1/projects/pokemon-galactic-webstore:testIamPermissions {"permissions":["cloudfunctions.functions.create","cloudfunctions.functions.delete","cloudfunctions.functions.get","cloudfunctions.functions.list","cloudfunctions.functions.update","cloudfunctions.operations.get","datastore.indexes.create","datastore.indexes.delete","datastore.indexes.list","datastore.indexes.update","firebase.projects.get","firebasehosting.sites.update","firebaserules.releases.create","firebaserules.releases.update","firebaserules.rulesets.create"]}
[debug] [2024-04-10T18:32:05.765Z] >>> [apiv2][query] POST https://iam.googleapis.com/v1/projects/pokemon-galactic-webstore/serviceAccounts/pokemon-galactic-webstore@appspot.gserviceaccount.com:testIamPermissions [none]
[debug] [2024-04-10T18:32:05.765Z] >>> [apiv2][body] POST https://iam.googleapis.com/v1/projects/pokemon-galactic-webstore/serviceAccounts/pokemon-galactic-webstore@appspot.gserviceaccount.com:testIamPermissions {"permissions":["iam.serviceAccounts.actAs"]}
[debug] [2024-04-10T18:32:05.927Z] <<< [apiv2][status] POST https://iam.googleapis.com/v1/projects/pokemon-galactic-webstore/serviceAccounts/pokemon-galactic-webstore@appspot.gserviceaccount.com:testIamPermissions 200
[debug] [2024-04-10T18:32:05.927Z] <<< [apiv2][body] POST https://iam.googleapis.com/v1/projects/pokemon-galactic-webstore/serviceAccounts/pokemon-galactic-webstore@appspot.gserviceaccount.com:testIamPermissions {"permissions":["iam.serviceAccounts.actAs"]}
[debug] [2024-04-10T18:32:05.928Z] >>> [apiv2][query] GET https://firebase.googleapis.com/v1beta1/projects/pokemon-galactic-webstore [none]
[debug] [2024-04-10T18:32:06.093Z] <<< [apiv2][status] GET https://firebase.googleapis.com/v1beta1/projects/pokemon-galactic-webstore 200
[debug] [2024-04-10T18:32:06.093Z] <<< [apiv2][body] GET https://firebase.googleapis.com/v1beta1/projects/pokemon-galactic-webstore {"projectId":"pokemon-galactic-webstore","projectNumber":"666118266980","displayName":"Pokemon Galactic WebStore","name":"projects/pokemon-galactic-webstore","resources":{"hostingSite":"pokemon-galactic-webstore","storageBucket":"pokemon-galactic-webstore.appspot.com","locationId":"us-west3"},"state":"ACTIVE","etag":"1_7533e589-3ff2-4068-8d0a-b4e1f5f23602"}
[info] 
[info] === Deploying to 'pokemon-galactic-webstore'...
[info] 
[info] i  deploying storage, firestore, functions, hosting 
[info] Running command: npm --prefix "$RESOURCE_DIR" run lint
[info] ✔  functions: Finished running predeploy script. 
[info] i  storage: ensuring required API firebasestorage.googleapis.com is enabled... 
[debug] [2024-04-10T18:32:06.657Z] >>> [apiv2][query] GET https://serviceusage.googleapis.com/v1/projects/pokemon-galactic-webstore/services/firebasestorage.googleapis.com [none]
[debug] [2024-04-10T18:32:06.657Z] >>> [apiv2][(partial)header] GET https://serviceusage.googleapis.com/v1/projects/pokemon-galactic-webstore/services/firebasestorage.googleapis.com x-goog-quota-user=projects/pokemon-galactic-webstore
[debug] [2024-04-10T18:32:06.951Z] <<< [apiv2][status] GET https://serviceusage.googleapis.com/v1/projects/pokemon-galactic-webstore/services/firebasestorage.googleapis.com 200
[debug] [2024-04-10T18:32:06.951Z] <<< [apiv2][body] GET https://serviceusage.googleapis.com/v1/projects/pokemon-galactic-webstore/services/firebasestorage.googleapis.com [omitted]
[info] ✔  storage: required API firebasestorage.googleapis.com is enabled 
[debug] [2024-04-10T18:32:06.952Z] >>> [apiv2][query] GET https://firebasestorage.googleapis.com/v1alpha/projects/pokemon-galactic-webstore/defaultBucket [none]
[debug] [2024-04-10T18:32:07.272Z] <<< [apiv2][status] GET https://firebasestorage.googleapis.com/v1alpha/projects/pokemon-galactic-webstore/defaultBucket 200
[debug] [2024-04-10T18:32:07.272Z] <<< [apiv2][body] GET https://firebasestorage.googleapis.com/v1alpha/projects/pokemon-galactic-webstore/defaultBucket {"name":"projects/pokemon-galactic-webstore/defaultBucket","location":"US-WEST3","bucket":{"name":"projects/pokemon-galactic-webstore/buckets/pokemon-galactic-webstore.appspot.com"}}
[info] i  firebase.storage: checking storage.rules for compilation errors... 
[debug] [2024-04-10T18:32:07.273Z] >>> [apiv2][query] POST https://firebaserules.googleapis.com/v1/projects/pokemon-galactic-webstore:test [none]
[debug] [2024-04-10T18:32:07.273Z] >>> [apiv2][body] POST https://firebaserules.googleapis.com/v1/projects/pokemon-galactic-webstore:test [omitted]
[debug] [2024-04-10T18:32:07.402Z] <<< [apiv2][status] POST https://firebaserules.googleapis.com/v1/projects/pokemon-galactic-webstore:test 200
[debug] [2024-04-10T18:32:07.402Z] <<< [apiv2][body] POST https://firebaserules.googleapis.com/v1/projects/pokemon-galactic-webstore:test {}
[info] ✔  firebase.storage: rules file storage.rules compiled successfully 
[info] i  firestore: reading indexes from firestore.indexes.json... 
[info] i  cloud.firestore: checking firestore.rules for compilation errors... 
[debug] [2024-04-10T18:32:07.404Z] >>> [apiv2][query] POST https://firebaserules.googleapis.com/v1/projects/pokemon-galactic-webstore:test [none]
[debug] [2024-04-10T18:32:07.404Z] >>> [apiv2][body] POST https://firebaserules.googleapis.com/v1/projects/pokemon-galactic-webstore:test [omitted]
[debug] [2024-04-10T18:32:07.462Z] <<< [apiv2][status] POST https://firebaserules.googleapis.com/v1/projects/pokemon-galactic-webstore:test 200
[debug] [2024-04-10T18:32:07.462Z] <<< [apiv2][body] POST https://firebaserules.googleapis.com/v1/projects/pokemon-galactic-webstore:test {}
[info] ✔  cloud.firestore: rules file firestore.rules compiled successfully 
[debug] [2024-04-10T18:32:07.463Z] >>> [apiv2][query] GET https://firebase.googleapis.com/v1beta1/projects/pokemon-galactic-webstore [none]
[debug] [2024-04-10T18:32:07.597Z] <<< [apiv2][status] GET https://firebase.googleapis.com/v1beta1/projects/pokemon-galactic-webstore 200
[debug] [2024-04-10T18:32:07.597Z] <<< [apiv2][body] GET https://firebase.googleapis.com/v1beta1/projects/pokemon-galactic-webstore {"projectId":"pokemon-galactic-webstore","projectNumber":"666118266980","displayName":"Pokemon Galactic WebStore","name":"projects/pokemon-galactic-webstore","resources":{"hostingSite":"pokemon-galactic-webstore","storageBucket":"pokemon-galactic-webstore.appspot.com","locationId":"us-west3"},"state":"ACTIVE","etag":"1_7533e589-3ff2-4068-8d0a-b4e1f5f23602"}
[info] i  functions: preparing codebase default for deployment 
[info] i  functions: ensuring required API cloudfunctions.googleapis.com is enabled... 
[info] i  functions: ensuring required API cloudbuild.googleapis.com is enabled... 
[info] i  artifactregistry: ensuring required API artifactregistry.googleapis.com is enabled... 
[debug] [2024-04-10T18:32:07.598Z] >>> [apiv2][query] GET https://serviceusage.googleapis.com/v1/projects/pokemon-galactic-webstore/services/cloudfunctions.googleapis.com [none]
[debug] [2024-04-10T18:32:07.598Z] >>> [apiv2][(partial)header] GET https://serviceusage.googleapis.com/v1/projects/pokemon-galactic-webstore/services/cloudfunctions.googleapis.com x-goog-quota-user=projects/pokemon-galactic-webstore
[debug] [2024-04-10T18:32:07.598Z] >>> [apiv2][query] GET https://serviceusage.googleapis.com/v1/projects/pokemon-galactic-webstore/services/runtimeconfig.googleapis.com [none]
[debug] [2024-04-10T18:32:07.599Z] >>> [apiv2][(partial)header] GET https://serviceusage.googleapis.com/v1/projects/pokemon-galactic-webstore/services/runtimeconfig.googleapis.com x-goog-quota-user=projects/pokemon-galactic-webstore
[debug] [2024-04-10T18:32:07.600Z] >>> [apiv2][query] GET https://serviceusage.googleapis.com/v1/projects/pokemon-galactic-webstore/services/cloudbuild.googleapis.com [none]
[debug] [2024-04-10T18:32:07.600Z] >>> [apiv2][(partial)header] GET https://serviceusage.googleapis.com/v1/projects/pokemon-galactic-webstore/services/cloudbuild.googleapis.com x-goog-quota-user=projects/pokemon-galactic-webstore
[debug] [2024-04-10T18:32:07.601Z] >>> [apiv2][query] GET https://serviceusage.googleapis.com/v1/projects/pokemon-galactic-webstore/services/artifactregistry.googleapis.com [none]
[debug] [2024-04-10T18:32:07.601Z] >>> [apiv2][(partial)header] GET https://serviceusage.googleapis.com/v1/projects/pokemon-galactic-webstore/services/artifactregistry.googleapis.com x-goog-quota-user=projects/pokemon-galactic-webstore
[debug] [2024-04-10T18:32:07.828Z] <<< [apiv2][status] GET https://serviceusage.googleapis.com/v1/projects/pokemon-galactic-webstore/services/cloudfunctions.googleapis.com 200
[debug] [2024-04-10T18:32:07.828Z] <<< [apiv2][body] GET https://serviceusage.googleapis.com/v1/projects/pokemon-galactic-webstore/services/cloudfunctions.googleapis.com [omitted]
[info] ✔  functions: required API cloudfunctions.googleapis.com is enabled 
[debug] [2024-04-10T18:32:07.852Z] <<< [apiv2][status] GET https://serviceusage.googleapis.com/v1/projects/pokemon-galactic-webstore/services/runtimeconfig.googleapis.com 200
[debug] [2024-04-10T18:32:07.852Z] <<< [apiv2][body] GET https://serviceusage.googleapis.com/v1/projects/pokemon-galactic-webstore/services/runtimeconfig.googleapis.com [omitted]
[debug] [2024-04-10T18:32:07.853Z] <<< [apiv2][status] GET https://serviceusage.googleapis.com/v1/projects/pokemon-galactic-webstore/services/cloudbuild.googleapis.com 200
[debug] [2024-04-10T18:32:07.854Z] <<< [apiv2][body] GET https://serviceusage.googleapis.com/v1/projects/pokemon-galactic-webstore/services/cloudbuild.googleapis.com [omitted]
[info] ✔  functions: required API cloudbuild.googleapis.com is enabled 
[debug] [2024-04-10T18:32:07.855Z] <<< [apiv2][status] GET https://serviceusage.googleapis.com/v1/projects/pokemon-galactic-webstore/services/artifactregistry.googleapis.com 200
[debug] [2024-04-10T18:32:07.855Z] <<< [apiv2][body] GET https://serviceusage.googleapis.com/v1/projects/pokemon-galactic-webstore/services/artifactregistry.googleapis.com [omitted]
[info] ✔  artifactregistry: required API artifactregistry.googleapis.com is enabled 
[debug] [2024-04-10T18:32:07.856Z] >>> [apiv2][query] GET https://firebase.googleapis.com/v1beta1/projects/pokemon-galactic-webstore/adminSdkConfig [none]
[debug] [2024-04-10T18:32:08.187Z] <<< [apiv2][status] GET https://firebase.googleapis.com/v1beta1/projects/pokemon-galactic-webstore/adminSdkConfig 200
[debug] [2024-04-10T18:32:08.187Z] <<< [apiv2][body] GET https://firebase.googleapis.com/v1beta1/projects/pokemon-galactic-webstore/adminSdkConfig {"projectId":"pokemon-galactic-webstore","storageBucket":"pokemon-galactic-webstore.appspot.com","locationId":"us-west3"}
[debug] [2024-04-10T18:32:08.188Z] >>> [apiv2][query] GET https://runtimeconfig.googleapis.com/v1beta1/projects/pokemon-galactic-webstore/configs [none]
[debug] [2024-04-10T18:32:08.519Z] <<< [apiv2][status] GET https://runtimeconfig.googleapis.com/v1beta1/projects/pokemon-galactic-webstore/configs 200
[debug] [2024-04-10T18:32:08.519Z] <<< [apiv2][body] GET https://runtimeconfig.googleapis.com/v1beta1/projects/pokemon-galactic-webstore/configs {}
[debug] [2024-04-10T18:32:08.521Z] Validating nodejs source
[debug] [2024-04-10T18:32:09.178Z] > [functions] package.json contents: {
  "name": "functions",
  "description": "Cloud Functions for Firebase",
  "scripts": {
    "lint": "eslint .",
    "serve": "firebase emulators:start --only functions",
    "shell": "firebase functions:shell",
    "start": "npm run shell",
    "deploy": "firebase deploy --only functions",
    "logs": "firebase functions:log"
  },
  "engines": {
    "node": "18"
  },
  "main": "index.js",
  "dependencies": {
    "cors": "^2.8.5",
    "express": "^4.19.2",
    "firebase": "^10.10.0",
    "firebase-admin": "^11.11.1",
    "firebase-functions": "^4.9.0",
    "nodemon": "^3.1.0",
    "tools": "^0.0.0"
  },
  "devDependencies": {
    "@eslint/js": "^9.0.0",
    "eslint": "^8.57.0",
    "eslint-config-google": "^0.14.0",
    "eslint-plugin-react": "^7.34.1",
    "firebase-functions-test": "^3.1.0",
    "globals": "^15.0.0"
  },
  "private": true
}
[debug] [2024-04-10T18:32:09.178Z] Building nodejs source
[info] i  functions: Loading and analyzing source code for codebase default to determine what to deploy 
[debug] [2024-04-10T18:32:09.179Z] Could not find functions.yaml. Must use http discovery
[debug] [2024-04-10T18:32:09.181Z] Found firebase-functions binary at '/home/razplayz/Pokemon_Galactic_WebStore/functions/node_modules/.bin/firebase-functions'
[info] Serving at port 8203

[debug] [2024-04-10T18:32:09.663Z] Got response from /__/functions.yaml {"endpoints":{"api":{"platform":"gcfv1","availableMemoryMb":null,"timeoutSeconds":null,"minInstances":null,"maxInstances":null,"ingressSettings":null,"serviceAccountEmail":null,"vpc":null,"httpsTrigger":{},"entryPoint":"api"}},"specVersion":"v1alpha1","requiredAPIs":[]}
[info] i  functions: preparing functions directory for uploading... 
[info] i  functions: packaged /home/razplayz/Pokemon_Galactic_WebStore/functions (79.56 KB) for uploading 
[debug] [2024-04-10T18:32:14.725Z] >>> [apiv2][query] GET https://cloudfunctions.googleapis.com/v1/projects/pokemon-galactic-webstore/locations/-/functions [none]
[debug] [2024-04-10T18:32:15.202Z] <<< [apiv2][status] GET https://cloudfunctions.googleapis.com/v1/projects/pokemon-galactic-webstore/locations/-/functions 200
[debug] [2024-04-10T18:32:15.203Z] <<< [apiv2][body] GET https://cloudfunctions.googleapis.com/v1/projects/pokemon-galactic-webstore/locations/-/functions {"functions":[{"name":"projects/pokemon-galactic-webstore/locations/us-central1/functions/api","httpsTrigger":{"url":"https://us-central1-pokemon-galactic-webstore.cloudfunctions.net/api","securityLevel":"SECURE_ALWAYS"},"status":"OFFLINE","entryPoint":"api","timeout":"60s","availableMemoryMb":256,"serviceAccountEmail":"pokemon-galactic-webstore@appspot.gserviceaccount.com","updateTime":"2024-04-10T00:41:42.599Z","versionId":"5","labels":{"deployment-tool":"cli-firebase","firebase-functions-hash":"090730c9f13f358482f4b36c65f61f78f73b1f9c"},"sourceUploadUrl":"https://storage.googleapis.com/uploads-745337322466.us-central1.cloudfunctions.appspot.com/448a9373-21e0-43f4-88d3-0433d2212c01.zip","environmentVariables":{"FIREBASE_CONFIG":"{\"projectId\":\"pokemon-galactic-webstore\",\"storageBucket\":\"pokemon-galactic-webstore.appspot.com\",\"locationId\":\"us-west3\"}","GCLOUD_PROJECT":"pokemon-galactic-webstore","EVENTARC_CLOUD_EVENT_SOURCE":"projects/pokemon-galactic-webstore/locations/us-central1/functions/api"},"runtime":"nodejs18","ingressSettings":"ALLOW_ALL","buildId":"0fbd8c13-1c09-4083-9093-7e0fd1d64a5d","buildEnvironmentVariables":{"GOOGLE_NODE_RUN_SCRIPTS":""},"buildName":"projects/666118266980/locations/us-central1/builds/0fbd8c13-1c09-4083-9093-7e0fd1d64a5d","dockerRegistry":"ARTIFACT_REGISTRY","automaticUpdatePolicy":{}}]}
[debug] [2024-04-10T18:32:15.203Z] >>> [apiv2][query] GET https://cloudfunctions.googleapis.com/v2/projects/pokemon-galactic-webstore/locations/-/functions filter=environment%3D%22GEN_2%22
[debug] [2024-04-10T18:32:15.610Z] <<< [apiv2][status] GET https://cloudfunctions.googleapis.com/v2/projects/pokemon-galactic-webstore/locations/-/functions 200
[debug] [2024-04-10T18:32:15.611Z] <<< [apiv2][body] GET https://cloudfunctions.googleapis.com/v2/projects/pokemon-galactic-webstore/locations/-/functions {}
[debug] [2024-04-10T18:32:15.613Z] >>> [apiv2][query] GET https://firebase.googleapis.com/v1beta1/projects/pokemon-galactic-webstore [none]
[debug] [2024-04-10T18:32:15.791Z] <<< [apiv2][status] GET https://firebase.googleapis.com/v1beta1/projects/pokemon-galactic-webstore 200
[debug] [2024-04-10T18:32:15.791Z] <<< [apiv2][body] GET https://firebase.googleapis.com/v1beta1/projects/pokemon-galactic-webstore {"projectId":"pokemon-galactic-webstore","projectNumber":"666118266980","displayName":"Pokemon Galactic WebStore","name":"projects/pokemon-galactic-webstore","resources":{"hostingSite":"pokemon-galactic-webstore","storageBucket":"pokemon-galactic-webstore.appspot.com","locationId":"us-west3"},"state":"ACTIVE","etag":"1_7533e589-3ff2-4068-8d0a-b4e1f5f23602"}
[debug] [2024-04-10T18:32:15.792Z] >>> [apiv2][query] POST https://firebasehosting.googleapis.com/v1beta1/projects/-/sites/pokemon-galactic-webstore/versions [none]
[debug] [2024-04-10T18:32:15.792Z] >>> [apiv2][body] POST https://firebasehosting.googleapis.com/v1beta1/projects/-/sites/pokemon-galactic-webstore/versions {"status":"CREATED","labels":{"deployment-tool":"cli-firebase"}}
[debug] [2024-04-10T18:32:16.209Z] <<< [apiv2][status] POST https://firebasehosting.googleapis.com/v1beta1/projects/-/sites/pokemon-galactic-webstore/versions 200
[debug] [2024-04-10T18:32:16.209Z] <<< [apiv2][body] POST https://firebasehosting.googleapis.com/v1beta1/projects/-/sites/pokemon-galactic-webstore/versions {"name":"projects/666118266980/sites/pokemon-galactic-webstore/versions/909c002efa41b4ad","status":"CREATED","config":{},"labels":{"deployment-tool":"cli-firebase"}}
[debug] [2024-04-10T18:32:16.210Z] >>> [apiv2][query] GET https://firebaserules.googleapis.com/v1/projects/pokemon-galactic-webstore/releases pageSize=10&pageToken=
[debug] [2024-04-10T18:32:16.346Z] <<< [apiv2][status] GET https://firebaserules.googleapis.com/v1/projects/pokemon-galactic-webstore/releases 200
[debug] [2024-04-10T18:32:16.346Z] <<< [apiv2][body] GET https://firebaserules.googleapis.com/v1/projects/pokemon-galactic-webstore/releases {"releases":[{"name":"projects/pokemon-galactic-webstore/releases/cloud.firestore","rulesetName":"projects/pokemon-galactic-webstore/rulesets/a294a433-e58f-4576-a77e-4c960091c963","createTime":"2024-04-05T20:30:05.670483Z","updateTime":"2024-04-10T18:10:00.636011Z"},{"name":"projects/pokemon-galactic-webstore/releases/firebase.storage/pokemon-galactic-webstore.appspot.com","rulesetName":"projects/pokemon-galactic-webstore/rulesets/1a148a79-27d6-4927-afa1-97bd8e252f31","createTime":"2024-04-06T17:38:51.594201Z","updateTime":"2024-04-10T18:10:00.483673Z"}]}
[debug] [2024-04-10T18:32:16.352Z] >>> [apiv2][query] GET https://firebaserules.googleapis.com/v1/projects/pokemon-galactic-webstore/rulesets/1a148a79-27d6-4927-afa1-97bd8e252f31 [none]
[debug] [2024-04-10T18:32:16.420Z] <<< [apiv2][status] GET https://firebaserules.googleapis.com/v1/projects/pokemon-galactic-webstore/rulesets/1a148a79-27d6-4927-afa1-97bd8e252f31 200
[debug] [2024-04-10T18:32:16.420Z] <<< [apiv2][body] GET https://firebaserules.googleapis.com/v1/projects/pokemon-galactic-webstore/rulesets/1a148a79-27d6-4927-afa1-97bd8e252f31 [omitted]
[info] i  storage: latest version of storage.rules already up to date, skipping upload... 
[info] i  firestore: deploying indexes... 
[debug] [2024-04-10T18:32:16.422Z] >>> [apiv2][query] GET https://firebaserules.googleapis.com/v1/projects/pokemon-galactic-webstore/releases pageSize=10&pageToken=
[debug] [2024-04-10T18:32:16.422Z] >>> [apiv2][query] GET https://firestore.googleapis.com/v1/projects/pokemon-galactic-webstore/databases/(default)/collectionGroups/-/indexes [none]
[debug] [2024-04-10T18:32:16.514Z] <<< [apiv2][status] GET https://firebaserules.googleapis.com/v1/projects/pokemon-galactic-webstore/releases 200
[debug] [2024-04-10T18:32:16.514Z] <<< [apiv2][body] GET https://firebaserules.googleapis.com/v1/projects/pokemon-galactic-webstore/releases {"releases":[{"name":"projects/pokemon-galactic-webstore/releases/cloud.firestore","rulesetName":"projects/pokemon-galactic-webstore/rulesets/a294a433-e58f-4576-a77e-4c960091c963","createTime":"2024-04-05T20:30:05.670483Z","updateTime":"2024-04-10T18:10:00.636011Z"},{"name":"projects/pokemon-galactic-webstore/releases/firebase.storage/pokemon-galactic-webstore.appspot.com","rulesetName":"projects/pokemon-galactic-webstore/rulesets/1a148a79-27d6-4927-afa1-97bd8e252f31","createTime":"2024-04-06T17:38:51.594201Z","updateTime":"2024-04-10T18:10:00.483673Z"}]}
[debug] [2024-04-10T18:32:16.514Z] >>> [apiv2][query] GET https://firebaserules.googleapis.com/v1/projects/pokemon-galactic-webstore/rulesets/a294a433-e58f-4576-a77e-4c960091c963 [none]
[debug] [2024-04-10T18:32:16.575Z] <<< [apiv2][status] GET https://firebaserules.googleapis.com/v1/projects/pokemon-galactic-webstore/rulesets/a294a433-e58f-4576-a77e-4c960091c963 200
[debug] [2024-04-10T18:32:16.575Z] <<< [apiv2][body] GET https://firebaserules.googleapis.com/v1/projects/pokemon-galactic-webstore/rulesets/a294a433-e58f-4576-a77e-4c960091c963 [omitted]
[info] i  firestore: latest version of firestore.rules already up to date, skipping upload... 
[debug] [2024-04-10T18:32:16.703Z] <<< [apiv2][status] GET https://firestore.googleapis.com/v1/projects/pokemon-galactic-webstore/databases/(default)/collectionGroups/-/indexes 200
[debug] [2024-04-10T18:32:16.703Z] <<< [apiv2][body] GET https://firestore.googleapis.com/v1/projects/pokemon-galactic-webstore/databases/(default)/collectionGroups/-/indexes {}
[debug] [2024-04-10T18:32:16.704Z] >>> [apiv2][query] GET https://firestore.googleapis.com/v1/projects/pokemon-galactic-webstore/databases/(default)/collectionGroups/-/fields?filter=indexConfig.usesAncestorConfig=false OR ttlConfig:* [none]
[debug] [2024-04-10T18:32:16.819Z] <<< [apiv2][status] GET https://firestore.googleapis.com/v1/projects/pokemon-galactic-webstore/databases/(default)/collectionGroups/-/fields?filter=indexConfig.usesAncestorConfig=false OR ttlConfig:* 200
[debug] [2024-04-10T18:32:16.819Z] <<< [apiv2][body] GET https://firestore.googleapis.com/v1/projects/pokemon-galactic-webstore/databases/(default)/collectionGroups/-/fields?filter=indexConfig.usesAncestorConfig=false OR ttlConfig:* {"fields":[{"name":"projects/pokemon-galactic-webstore/databases/(default)/collectionGroups/__default__/fields/*","indexConfig":{"indexes":[{"queryScope":"COLLECTION","fields":[{"fieldPath":"*","order":"ASCENDING"}],"state":"READY"},{"queryScope":"COLLECTION","fields":[{"fieldPath":"*","order":"DESCENDING"}],"state":"READY"},{"queryScope":"COLLECTION","fields":[{"fieldPath":"*","arrayConfig":"CONTAINS"}],"state":"READY"}]}}]}
[info] ✔  firestore: deployed indexes in firestore.indexes.json successfully for (default) database 
[debug] [2024-04-10T18:32:16.820Z] >>> [apiv2][query] POST https://cloudfunctions.googleapis.com/v1/projects/pokemon-galactic-webstore/locations/us-central1/functions:generateUploadUrl [none]
[debug] [2024-04-10T18:32:16.820Z] >>> [apiv2][body] POST https://cloudfunctions.googleapis.com/v1/projects/pokemon-galactic-webstore/locations/us-central1/functions:generateUploadUrl {}
[debug] [2024-04-10T18:32:17.347Z] <<< [apiv2][status] POST https://cloudfunctions.googleapis.com/v1/projects/pokemon-galactic-webstore/locations/us-central1/functions:generateUploadUrl 200
[debug] [2024-04-10T18:32:17.347Z] <<< [apiv2][body] POST https://cloudfunctions.googleapis.com/v1/projects/pokemon-galactic-webstore/locations/us-central1/functions:generateUploadUrl {"uploadUrl":"https://storage.googleapis.com/uploads-745337322466.us-central1.cloudfunctions.appspot.com/6fae3d5b-6b70-478d-b6ea-2bc4d0659013.zip?GoogleAccessId=service-666118266980@gcf-admin-robot.iam.gserviceaccount.com&Expires=1712775736&Signature=jijUelq2r8Syua6Nq6i3oF72TXwHTsq%2FnTsrtTuYY3af%2BBpDl4ZQGMsQSFu22YfEsW%2FipdibkbWZTGGsgzuBg8s1%2Fi2UkKZRxGIuO3lTX%2FbTxGUjK3eQ6pj7CndLoq75nFNBuko3WkORuW%2F8hov7P%2Fl%2FPdpLa%2BmqdKjaJ%2F34Ua5u8IpCYAGvA%2B3jW6airSqgNkg8kUZeTNijNRYvJ5CLb7WUTFBQHQNoXMsaR%2FM4zWKfl5%2FO%2FWSvTK2mwHeTzTBBSxZjswVqoU5oSuCMhkcN07i%2FzgB0ypzt6aTosHK3fPEM4CRAZazBa6jTeN58WRnHCDveNoimy944pGfPFj5aog%3D%3D"}
[debug] [2024-04-10T18:32:17.348Z] >>> [apiv2][query] PUT https://storage.googleapis.com/uploads-745337322466.us-central1.cloudfunctions.appspot.com/6fae3d5b-6b70-478d-b6ea-2bc4d0659013.zip GoogleAccessId=service-666118266980%40gcf-admin-robot.iam.gserviceaccount.com&Expires=1712775736&Signature=jijUelq2r8Syua6Nq6i3oF72TXwHTsq%2FnTsrtTuYY3af%2BBpDl4ZQGMsQSFu22YfEsW%2FipdibkbWZTGGsgzuBg8s1%2Fi2UkKZRxGIuO3lTX%2FbTxGUjK3eQ6pj7CndLoq75nFNBuko3WkORuW%2F8hov7P%2Fl%2FPdpLa%2BmqdKjaJ%2F34Ua5u8IpCYAGvA%2B3jW6airSqgNkg8kUZeTNijNRYvJ5CLb7WUTFBQHQNoXMsaR%2FM4zWKfl5%2FO%2FWSvTK2mwHeTzTBBSxZjswVqoU5oSuCMhkcN07i%2FzgB0ypzt6aTosHK3fPEM4CRAZazBa6jTeN58WRnHCDveNoimy944pGfPFj5aog%3D%3D
[debug] [2024-04-10T18:32:17.348Z] >>> [apiv2][body] PUT https://storage.googleapis.com/uploads-745337322466.us-central1.cloudfunctions.appspot.com/6fae3d5b-6b70-478d-b6ea-2bc4d0659013.zip [stream]
[debug] [2024-04-10T18:32:17.546Z] <<< [apiv2][status] PUT https://storage.googleapis.com/uploads-745337322466.us-central1.cloudfunctions.appspot.com/6fae3d5b-6b70-478d-b6ea-2bc4d0659013.zip 200
[debug] [2024-04-10T18:32:17.547Z] <<< [apiv2][body] PUT https://storage.googleapis.com/uploads-745337322466.us-central1.cloudfunctions.appspot.com/6fae3d5b-6b70-478d-b6ea-2bc4d0659013.zip [omitted]
[info] ✔  functions: functions folder uploaded successfully 
[info] i  hosting[pokemon-galactic-webstore]: beginning deploy... 
[info] i  hosting[pokemon-galactic-webstore]: found 15 files in app/build 
[debug] [2024-04-10T18:32:17.550Z] [hosting] uploading with 200 concurrency
[debug] [2024-04-10T18:32:17.612Z] [hosting] hash cache [YXBwL2J1aWxk] stored for 15 files
[debug] [2024-04-10T18:32:17.613Z] [hosting][hash queue][FINAL] {"max":59,"min":4,"avg":8.933333333333334,"active":0,"complete":15,"success":15,"errored":0,"retried":0,"total":15,"elapsed":61}
[debug] [2024-04-10T18:32:17.613Z] >>> [apiv2][query] POST https://firebasehosting.googleapis.com/v1beta1/projects/666118266980/sites/pokemon-galactic-webstore/versions/909c002efa41b4ad:populateFiles [none]
[debug] [2024-04-10T18:32:17.613Z] >>> [apiv2][body] POST https://firebasehosting.googleapis.com/v1beta1/projects/666118266980/sites/pokemon-galactic-webstore/versions/909c002efa41b4ad:populateFiles {"files":{"/index.html":"aa1fd8640b01e0dc60143b23fba989d9defffd5c585b4ac3ad7575fa6953139f","/favicon.ico":"fc26b72d1f6d47474d8993a667b2af803ede41c9996d0f69e62ed6e415d7fed0","/asset-manifest.json":"a129184ad53010dd9fa4861e7f286e653113a4686801153d7bf53730d2d86c55","/robots.txt":"2544ca049f223a42bff01f72ad930a5edba75bbb7199d0f8430a02ff5aca16ec","/manifest.json":"c12dd51ed2c8ac94acf3c25d1f0c541d667c90c8557ac43cb42d0a6df086bd7f","/static/css/main.f855e6bc.css":"6145803fa1867868f1f652f6661fda5e1906eb9847811f81458567e04e1e5f01","/logo512.png":"9ab6cb941e493973baf9755bd3fc76988762e6b514d5bc365aeaccefa0de034f","/static/js/main.a10f605d.js.LICENSE.txt":"ea3544ea8edb907151144d43843e34f734950a9e0a48f80a1a13f7faee9e1399","/static/js/453.a6a97343.chunk.js":"067be84d63d7103dd6f0c1274802b7a4e41cbc6834c1fe3745955d9ee0c6242b","/logo192.png":"50bd60c6fefdd7de57fb652cf717e33c712106ffe0a32da5f75a12bf22cecbc0","/static/media/logo.6ce24c58023cc2f8fd88fe9d219db6c6.svg":"a9fb0f0bad501dc87a127833be09145102ed2e354c3b4ba84fc07de4cd7021dc","/static/css/main.f855e6bc.css.map":"9932eaa532c9079d484fe5e5ce74dbbfd54a47d6eaec6161e88e2a8bb49f39a2","/static/js/453.a6a97343.chunk.js.map":"a3f4643636584c63b82d44cf4f5d0c30275363b6302a0146f1a05b8e33c7c352","/static/js/main.a10f605d.js":"931e135e565bb8ba00f7fdc95bb2a0ea80ef540b3b73080cb1d0a9d426b535f1","/static/js/main.a10f605d.js.map":"0bbd6d2e8e76ab7082545c0129e7d36980905ef5d703a58d3aba79148267439a"}}
[debug] [2024-04-10T18:32:17.734Z] <<< [apiv2][status] POST https://firebasehosting.googleapis.com/v1beta1/projects/666118266980/sites/pokemon-galactic-webstore/versions/909c002efa41b4ad:populateFiles 200
[debug] [2024-04-10T18:32:17.734Z] <<< [apiv2][body] POST https://firebasehosting.googleapis.com/v1beta1/projects/666118266980/sites/pokemon-galactic-webstore/versions/909c002efa41b4ad:populateFiles {"uploadUrl":"https://upload-firebasehosting.googleapis.com/upload/sites/pokemon-galactic-webstore/versions/909c002efa41b4ad/files"}
[debug] [2024-04-10T18:32:17.734Z] [hosting][populate queue][FINAL] {"max":122,"min":122,"avg":122,"active":0,"complete":1,"success":1,"errored":0,"retried":0,"total":1,"elapsed":122}
[debug] [2024-04-10T18:32:17.734Z] [hosting] uploads queued: 0
[debug] [2024-04-10T18:32:17.734Z] [hosting][upload queue][FINAL] {"max":0,"min":9999999999,"avg":0,"active":0,"complete":0,"success":0,"errored":0,"retried":0,"total":0,"elapsed":1712773937734}
[info] ✔  hosting[pokemon-galactic-webstore]: file upload complete 
[debug] [2024-04-10T18:32:17.735Z] [hosting] deploy completed after 187ms
[debug] [2024-04-10T18:32:17.735Z] [rules] releasing firebase.storage/pokemon-galactic-webstore.appspot.com with ruleset projects/pokemon-galactic-webstore/rulesets/1a148a79-27d6-4927-afa1-97bd8e252f31
[debug] [2024-04-10T18:32:17.735Z] >>> [apiv2][query] PATCH https://firebaserules.googleapis.com/v1/projects/pokemon-galactic-webstore/releases/firebase.storage/pokemon-galactic-webstore.appspot.com [none]
[debug] [2024-04-10T18:32:17.735Z] >>> [apiv2][body] PATCH https://firebaserules.googleapis.com/v1/projects/pokemon-galactic-webstore/releases/firebase.storage/pokemon-galactic-webstore.appspot.com {"release":{"name":"projects/pokemon-galactic-webstore/releases/firebase.storage/pokemon-galactic-webstore.appspot.com","rulesetName":"projects/pokemon-galactic-webstore/rulesets/1a148a79-27d6-4927-afa1-97bd8e252f31"}}
[debug] [2024-04-10T18:32:17.881Z] <<< [apiv2][status] PATCH https://firebaserules.googleapis.com/v1/projects/pokemon-galactic-webstore/releases/firebase.storage/pokemon-galactic-webstore.appspot.com 200
[debug] [2024-04-10T18:32:17.881Z] <<< [apiv2][body] PATCH https://firebaserules.googleapis.com/v1/projects/pokemon-galactic-webstore/releases/firebase.storage/pokemon-galactic-webstore.appspot.com {"name":"projects/pokemon-galactic-webstore/releases/firebase.storage/pokemon-galactic-webstore.appspot.com","rulesetName":"projects/pokemon-galactic-webstore/rulesets/1a148a79-27d6-4927-afa1-97bd8e252f31","createTime":"2024-04-06T17:38:51.594201Z","updateTime":"2024-04-10T18:32:17.239380Z"}
[debug] [2024-04-10T18:32:17.881Z] [rules] updated release projects/pokemon-galactic-webstore/releases/firebase.storage/pokemon-galactic-webstore.appspot.com
[info] ✔  storage: released rules storage.rules to firebase.storage 
[debug] [2024-04-10T18:32:17.882Z] [rules] releasing cloud.firestore/(default) with ruleset projects/pokemon-galactic-webstore/rulesets/a294a433-e58f-4576-a77e-4c960091c963
[debug] [2024-04-10T18:32:17.882Z] >>> [apiv2][query] PATCH https://firebaserules.googleapis.com/v1/projects/pokemon-galactic-webstore/releases/cloud.firestore/(default) [none]
[debug] [2024-04-10T18:32:17.882Z] >>> [apiv2][body] PATCH https://firebaserules.googleapis.com/v1/projects/pokemon-galactic-webstore/releases/cloud.firestore/(default) {"release":{"name":"projects/pokemon-galactic-webstore/releases/cloud.firestore/(default)","rulesetName":"projects/pokemon-galactic-webstore/rulesets/a294a433-e58f-4576-a77e-4c960091c963"}}
[debug] [2024-04-10T18:32:18.010Z] <<< [apiv2][status] PATCH https://firebaserules.googleapis.com/v1/projects/pokemon-galactic-webstore/releases/cloud.firestore/(default) 200
[debug] [2024-04-10T18:32:18.010Z] <<< [apiv2][body] PATCH https://firebaserules.googleapis.com/v1/projects/pokemon-galactic-webstore/releases/cloud.firestore/(default) {"name":"projects/pokemon-galactic-webstore/releases/cloud.firestore","rulesetName":"projects/pokemon-galactic-webstore/rulesets/a294a433-e58f-4576-a77e-4c960091c963","createTime":"2024-04-05T20:30:05.670483Z","updateTime":"2024-04-10T18:32:17.369350Z"}
[debug] [2024-04-10T18:32:18.010Z] [rules] updated release projects/pokemon-galactic-webstore/releases/cloud.firestore
[info] ✔  firestore: released rules firestore.rules to cloud.firestore 
[info] i  functions: updating Node.js 18 (1st Gen) function api(us-central1)... 
[debug] [2024-04-10T18:32:18.013Z] >>> [apiv2][query] PATCH https://cloudfunctions.googleapis.com/v1/projects/pokemon-galactic-webstore/locations/us-central1/functions/api updateMask=name%2CsourceUploadUrl%2CentryPoint%2Cruntime%2CdockerRegistry%2Clabels%2ChttpsTrigger.securityLevel%2CminInstances%2CmaxInstances%2CingressSettings%2CenvironmentVariables%2CserviceAccountEmail%2CavailableMemoryMb%2Ctimeout%2CvpcConnector%2CvpcConnectorEgressSettings%2CsourceToken%2CbuildEnvironmentVariables
[debug] [2024-04-10T18:32:18.013Z] >>> [apiv2][body] PATCH https://cloudfunctions.googleapis.com/v1/projects/pokemon-galactic-webstore/locations/us-central1/functions/api {"name":"projects/pokemon-galactic-webstore/locations/us-central1/functions/api","sourceUploadUrl":"https://storage.googleapis.com/uploads-745337322466.us-central1.cloudfunctions.appspot.com/6fae3d5b-6b70-478d-b6ea-2bc4d0659013.zip?GoogleAccessId=service-666118266980@gcf-admin-robot.iam.gserviceaccount.com&Expires=1712775736&Signature=jijUelq2r8Syua6Nq6i3oF72TXwHTsq%2FnTsrtTuYY3af%2BBpDl4ZQGMsQSFu22YfEsW%2FipdibkbWZTGGsgzuBg8s1%2Fi2UkKZRxGIuO3lTX%2FbTxGUjK3eQ6pj7CndLoq75nFNBuko3WkORuW%2F8hov7P%2Fl%2FPdpLa%2BmqdKjaJ%2F34Ua5u8IpCYAGvA%2B3jW6airSqgNkg8kUZeTNijNRYvJ5CLb7WUTFBQHQNoXMsaR%2FM4zWKfl5%2FO%2FWSvTK2mwHeTzTBBSxZjswVqoU5oSuCMhkcN07i%2FzgB0ypzt6aTosHK3fPEM4CRAZazBa6jTeN58WRnHCDveNoimy944pGfPFj5aog%3D%3D","entryPoint":"api","runtime":"nodejs18","dockerRegistry":"ARTIFACT_REGISTRY","labels":{"deployment-tool":"cli-firebase","firebase-functions-hash":"3c603f1409d36e2c719763809ad67d5c86371ca2"},"httpsTrigger":{"securityLevel":"SECURE_ALWAYS"},"minInstances":null,"maxInstances":null,"ingressSettings":null,"environmentVariables":{"FIREBASE_CONFIG":"{\"projectId\":\"pokemon-galactic-webstore\",\"storageBucket\":\"pokemon-galactic-webstore.appspot.com\",\"locationId\":\"us-west3\"}","GCLOUD_PROJECT":"pokemon-galactic-webstore","EVENTARC_CLOUD_EVENT_SOURCE":"projects/pokemon-galactic-webstore/locations/us-central1/functions/api"},"serviceAccountEmail":null,"availableMemoryMb":null,"timeout":null,"vpcConnector":null,"vpcConnectorEgressSettings":null,"buildEnvironmentVariables":{"GOOGLE_NODE_RUN_SCRIPTS":""}}
[debug] [2024-04-10T18:32:18.498Z] <<< [apiv2][status] PATCH https://cloudfunctions.googleapis.com/v1/projects/pokemon-galactic-webstore/locations/us-central1/functions/api 200
[debug] [2024-04-10T18:32:18.498Z] <<< [apiv2][body] PATCH https://cloudfunctions.googleapis.com/v1/projects/pokemon-galactic-webstore/locations/us-central1/functions/api {"name":"operations/cG9rZW1vbi1nYWxhY3RpYy13ZWJzdG9yZS91cy1jZW50cmFsMS9hcGkveFR1LWZ1QzFFc3c","metadata":{"@type":"type.googleapis.com/google.cloud.functions.v1.OperationMetadataV1","target":"projects/pokemon-galactic-webstore/locations/us-central1/functions/api","type":"UPDATE_FUNCTION","request":{"@type":"type.googleapis.com/google.cloud.functions.v1.CloudFunction","name":"projects/pokemon-galactic-webstore/locations/us-central1/functions/api","httpsTrigger":{"url":"https://us-central1-pokemon-galactic-webstore.cloudfunctions.net/api","securityLevel":"SECURE_ALWAYS"},"status":"OFFLINE","entryPoint":"api","updateTime":"2024-04-10T00:41:42.599Z","versionId":"5","labels":{"deployment-tool":"cli-firebase","firebase-functions-hash":"3c603f1409d36e2c719763809ad67d5c86371ca2"},"sourceUploadUrl":"https://storage.googleapis.com/uploads-745337322466.us-central1.cloudfunctions.appspot.com/6fae3d5b-6b70-478d-b6ea-2bc4d0659013.zip?GoogleAccessId=service-666118266980@gcf-admin-robot.iam.gserviceaccount.com&Expires=1712775736&Signature=jijUelq2r8Syua6Nq6i3oF72TXwHTsq%2FnTsrtTuYY3af%2BBpDl4ZQGMsQSFu22YfEsW%2FipdibkbWZTGGsgzuBg8s1%2Fi2UkKZRxGIuO3lTX%2FbTxGUjK3eQ6pj7CndLoq75nFNBuko3WkORuW%2F8hov7P%2Fl%2FPdpLa%2BmqdKjaJ%2F34Ua5u8IpCYAGvA%2B3jW6airSqgNkg8kUZeTNijNRYvJ5CLb7WUTFBQHQNoXMsaR%2FM4zWKfl5%2FO%2FWSvTK2mwHeTzTBBSxZjswVqoU5oSuCMhkcN07i%2FzgB0ypzt6aTosHK3fPEM4CRAZazBa6jTeN58WRnHCDveNoimy944pGfPFj5aog%3D%3D","environmentVariables":{"FIREBASE_CONFIG":"{\"projectId\":\"pokemon-galactic-webstore\",\"storageBucket\":\"pokemon-galactic-webstore.appspot.com\",\"locationId\":\"us-west3\"}","GCLOUD_PROJECT":"pokemon-galactic-webstore","EVENTARC_CLOUD_EVENT_SOURCE":"projects/pokemon-galactic-webstore/locations/us-central1/functions/api"},"runtime":"nodejs18","buildId":"0fbd8c13-1c09-4083-9093-7e0fd1d64a5d","buildEnvironmentVariables":{"GOOGLE_NODE_RUN_SCRIPTS":""},"buildName":"projects/666118266980/locations/us-central1/builds/0fbd8c13-1c09-4083-9093-7e0fd1d64a5d","dockerRegistry":"ARTIFACT_REGISTRY","automaticUpdatePolicy":{}},"versionId":"6","updateTime":"2024-04-10T18:32:17Z"}}
[debug] [2024-04-10T18:32:18.499Z] >>> [apiv2][query] GET https://cloudfunctions.googleapis.com/v1/operations/cG9rZW1vbi1nYWxhY3RpYy13ZWJzdG9yZS91cy1jZW50cmFsMS9hcGkveFR1LWZ1QzFFc3c [none]
[debug] [2024-04-10T18:32:18.652Z] <<< [apiv2][status] GET https://cloudfunctions.googleapis.com/v1/operations/cG9rZW1vbi1nYWxhY3RpYy13ZWJzdG9yZS91cy1jZW50cmFsMS9hcGkveFR1LWZ1QzFFc3c 200
[debug] [2024-04-10T18:32:18.652Z] <<< [apiv2][body] GET https://cloudfunctions.googleapis.com/v1/operations/cG9rZW1vbi1nYWxhY3RpYy13ZWJzdG9yZS91cy1jZW50cmFsMS9hcGkveFR1LWZ1QzFFc3c {"name":"operations/cG9rZW1vbi1nYWxhY3RpYy13ZWJzdG9yZS91cy1jZW50cmFsMS9hcGkveFR1LWZ1QzFFc3c","metadata":{"@type":"type.googleapis.com/google.cloud.functions.v1.OperationMetadataV1","target":"projects/pokemon-galactic-webstore/locations/us-central1/functions/api","type":"UPDATE_FUNCTION","request":{"@type":"type.googleapis.com/google.cloud.functions.v1.CloudFunction","name":"projects/pokemon-galactic-webstore/locations/us-central1/functions/api","httpsTrigger":{"url":"https://us-central1-pokemon-galactic-webstore.cloudfunctions.net/api","securityLevel":"SECURE_ALWAYS"},"status":"OFFLINE","entryPoint":"api","updateTime":"2024-04-10T00:41:42.599Z","versionId":"5","labels":{"deployment-tool":"cli-firebase","firebase-functions-hash":"3c603f1409d36e2c719763809ad67d5c86371ca2"},"sourceUploadUrl":"https://storage.googleapis.com/uploads-745337322466.us-central1.cloudfunctions.appspot.com/6fae3d5b-6b70-478d-b6ea-2bc4d0659013.zip?GoogleAccessId=service-666118266980@gcf-admin-robot.iam.gserviceaccount.com&Expires=1712775736&Signature=jijUelq2r8Syua6Nq6i3oF72TXwHTsq%2FnTsrtTuYY3af%2BBpDl4ZQGMsQSFu22YfEsW%2FipdibkbWZTGGsgzuBg8s1%2Fi2UkKZRxGIuO3lTX%2FbTxGUjK3eQ6pj7CndLoq75nFNBuko3WkORuW%2F8hov7P%2Fl%2FPdpLa%2BmqdKjaJ%2F34Ua5u8IpCYAGvA%2B3jW6airSqgNkg8kUZeTNijNRYvJ5CLb7WUTFBQHQNoXMsaR%2FM4zWKfl5%2FO%2FWSvTK2mwHeTzTBBSxZjswVqoU5oSuCMhkcN07i%2FzgB0ypzt6aTosHK3fPEM4CRAZazBa6jTeN58WRnHCDveNoimy944pGfPFj5aog%3D%3D","environmentVariables":{"FIREBASE_CONFIG":"{\"projectId\":\"pokemon-galactic-webstore\",\"storageBucket\":\"pokemon-galactic-webstore.appspot.com\",\"locationId\":\"us-west3\"}","GCLOUD_PROJECT":"pokemon-galactic-webstore","EVENTARC_CLOUD_EVENT_SOURCE":"projects/pokemon-galactic-webstore/locations/us-central1/functions/api"},"runtime":"nodejs18","buildId":"0fbd8c13-1c09-4083-9093-7e0fd1d64a5d","buildEnvironmentVariables":{"GOOGLE_NODE_RUN_SCRIPTS":""},"buildName":"projects/666118266980/locations/us-central1/builds/0fbd8c13-1c09-4083-9093-7e0fd1d64a5d","dockerRegistry":"ARTIFACT_REGISTRY","automaticUpdatePolicy":{}},"versionId":"6","updateTime":"2024-04-10T18:32:17Z"}}
[debug] [2024-04-10T18:32:19.154Z] [update-default-us-central1-api] Retrying task index 0
[debug] [2024-04-10T18:32:19.154Z] >>> [apiv2][query] GET https://cloudfunctions.googleapis.com/v1/operations/cG9rZW1vbi1nYWxhY3RpYy13ZWJzdG9yZS91cy1jZW50cmFsMS9hcGkveFR1LWZ1QzFFc3c [none]
[debug] [2024-04-10T18:32:19.317Z] <<< [apiv2][status] GET https://cloudfunctions.googleapis.com/v1/operations/cG9rZW1vbi1nYWxhY3RpYy13ZWJzdG9yZS91cy1jZW50cmFsMS9hcGkveFR1LWZ1QzFFc3c 200
[debug] [2024-04-10T18:32:19.317Z] <<< [apiv2][body] GET https://cloudfunctions.googleapis.com/v1/operations/cG9rZW1vbi1nYWxhY3RpYy13ZWJzdG9yZS91cy1jZW50cmFsMS9hcGkveFR1LWZ1QzFFc3c {"name":"operations/cG9rZW1vbi1nYWxhY3RpYy13ZWJzdG9yZS91cy1jZW50cmFsMS9hcGkveFR1LWZ1QzFFc3c","metadata":{"@type":"type.googleapis.com/google.cloud.functions.v1.OperationMetadataV1","target":"projects/pokemon-galactic-webstore/locations/us-central1/functions/api","type":"UPDATE_FUNCTION","request":{"@type":"type.googleapis.com/google.cloud.functions.v1.CloudFunction","name":"projects/pokemon-galactic-webstore/locations/us-central1/functions/api","httpsTrigger":{"url":"https://us-central1-pokemon-galactic-webstore.cloudfunctions.net/api","securityLevel":"SECURE_ALWAYS"},"status":"OFFLINE","entryPoint":"api","updateTime":"2024-04-10T00:41:42.599Z","versionId":"5","labels":{"deployment-tool":"cli-firebase","firebase-functions-hash":"3c603f1409d36e2c719763809ad67d5c86371ca2"},"sourceUploadUrl":"https://storage.googleapis.com/uploads-745337322466.us-central1.cloudfunctions.appspot.com/6fae3d5b-6b70-478d-b6ea-2bc4d0659013.zip?GoogleAccessId=service-666118266980@gcf-admin-robot.iam.gserviceaccount.com&Expires=1712775736&Signature=jijUelq2r8Syua6Nq6i3oF72TXwHTsq%2FnTsrtTuYY3af%2BBpDl4ZQGMsQSFu22YfEsW%2FipdibkbWZTGGsgzuBg8s1%2Fi2UkKZRxGIuO3lTX%2FbTxGUjK3eQ6pj7CndLoq75nFNBuko3WkORuW%2F8hov7P%2Fl%2FPdpLa%2BmqdKjaJ%2F34Ua5u8IpCYAGvA%2B3jW6airSqgNkg8kUZeTNijNRYvJ5CLb7WUTFBQHQNoXMsaR%2FM4zWKfl5%2FO%2FWSvTK2mwHeTzTBBSxZjswVqoU5oSuCMhkcN07i%2FzgB0ypzt6aTosHK3fPEM4CRAZazBa6jTeN58WRnHCDveNoimy944pGfPFj5aog%3D%3D","environmentVariables":{"FIREBASE_CONFIG":"{\"projectId\":\"pokemon-galactic-webstore\",\"storageBucket\":\"pokemon-galactic-webstore.appspot.com\",\"locationId\":\"us-west3\"}","GCLOUD_PROJECT":"pokemon-galactic-webstore","EVENTARC_CLOUD_EVENT_SOURCE":"projects/pokemon-galactic-webstore/locations/us-central1/functions/api"},"runtime":"nodejs18","buildId":"0fbd8c13-1c09-4083-9093-7e0fd1d64a5d","buildEnvironmentVariables":{"GOOGLE_NODE_RUN_SCRIPTS":""},"buildName":"projects/666118266980/locations/us-central1/builds/0fbd8c13-1c09-4083-9093-7e0fd1d64a5d","dockerRegistry":"ARTIFACT_REGISTRY","automaticUpdatePolicy":{}},"versionId":"6","updateTime":"2024-04-10T18:32:18Z"}}
[debug] [2024-04-10T18:32:20.318Z] [update-default-us-central1-api] Retrying task index 0
[debug] [2024-04-10T18:32:20.318Z] >>> [apiv2][query] GET https://cloudfunctions.googleapis.com/v1/operations/cG9rZW1vbi1nYWxhY3RpYy13ZWJzdG9yZS91cy1jZW50cmFsMS9hcGkveFR1LWZ1QzFFc3c [none]
[debug] [2024-04-10T18:32:20.422Z] <<< [apiv2][status] GET https://cloudfunctions.googleapis.com/v1/operations/cG9rZW1vbi1nYWxhY3RpYy13ZWJzdG9yZS91cy1jZW50cmFsMS9hcGkveFR1LWZ1QzFFc3c 200
[debug] [2024-04-10T18:32:20.422Z] <<< [apiv2][body] GET https://cloudfunctions.googleapis.com/v1/operations/cG9rZW1vbi1nYWxhY3RpYy13ZWJzdG9yZS91cy1jZW50cmFsMS9hcGkveFR1LWZ1QzFFc3c {"name":"operations/cG9rZW1vbi1nYWxhY3RpYy13ZWJzdG9yZS91cy1jZW50cmFsMS9hcGkveFR1LWZ1QzFFc3c","metadata":{"@type":"type.googleapis.com/google.cloud.functions.v1.OperationMetadataV1","target":"projects/pokemon-galactic-webstore/locations/us-central1/functions/api","type":"UPDATE_FUNCTION","request":{"@type":"type.googleapis.com/google.cloud.functions.v1.CloudFunction","name":"projects/pokemon-galactic-webstore/locations/us-central1/functions/api","httpsTrigger":{"url":"https://us-central1-pokemon-galactic-webstore.cloudfunctions.net/api","securityLevel":"SECURE_ALWAYS"},"status":"OFFLINE","entryPoint":"api","updateTime":"2024-04-10T00:41:42.599Z","versionId":"5","labels":{"deployment-tool":"cli-firebase","firebase-functions-hash":"3c603f1409d36e2c719763809ad67d5c86371ca2"},"sourceUploadUrl":"https://storage.googleapis.com/uploads-745337322466.us-central1.cloudfunctions.appspot.com/6fae3d5b-6b70-478d-b6ea-2bc4d0659013.zip?GoogleAccessId=service-666118266980@gcf-admin-robot.iam.gserviceaccount.com&Expires=1712775736&Signature=jijUelq2r8Syua6Nq6i3oF72TXwHTsq%2FnTsrtTuYY3af%2BBpDl4ZQGMsQSFu22YfEsW%2FipdibkbWZTGGsgzuBg8s1%2Fi2UkKZRxGIuO3lTX%2FbTxGUjK3eQ6pj7CndLoq75nFNBuko3WkORuW%2F8hov7P%2Fl%2FPdpLa%2BmqdKjaJ%2F34Ua5u8IpCYAGvA%2B3jW6airSqgNkg8kUZeTNijNRYvJ5CLb7WUTFBQHQNoXMsaR%2FM4zWKfl5%2FO%2FWSvTK2mwHeTzTBBSxZjswVqoU5oSuCMhkcN07i%2FzgB0ypzt6aTosHK3fPEM4CRAZazBa6jTeN58WRnHCDveNoimy944pGfPFj5aog%3D%3D","environmentVariables":{"FIREBASE_CONFIG":"{\"projectId\":\"pokemon-galactic-webstore\",\"storageBucket\":\"pokemon-galactic-webstore.appspot.com\",\"locationId\":\"us-west3\"}","GCLOUD_PROJECT":"pokemon-galactic-webstore","EVENTARC_CLOUD_EVENT_SOURCE":"projects/pokemon-galactic-webstore/locations/us-central1/functions/api"},"runtime":"nodejs18","buildId":"0fbd8c13-1c09-4083-9093-7e0fd1d64a5d","buildEnvironmentVariables":{"GOOGLE_NODE_RUN_SCRIPTS":""},"buildName":"projects/666118266980/locations/us-central1/builds/0fbd8c13-1c09-4083-9093-7e0fd1d64a5d","dockerRegistry":"ARTIFACT_REGISTRY","automaticUpdatePolicy":{}},"versionId":"6","updateTime":"2024-04-10T18:32:18Z","buildId":"546e088f-84c9-41d4-9169-a367924f5ffc","buildName":"projects/666118266980/locations/us-central1/builds/546e088f-84c9-41d4-9169-a367924f5ffc"}}
[debug] [2024-04-10T18:32:22.422Z] [update-default-us-central1-api] Retrying task index 0
[debug] [2024-04-10T18:32:22.423Z] >>> [apiv2][query] GET https://cloudfunctions.googleapis.com/v1/operations/cG9rZW1vbi1nYWxhY3RpYy13ZWJzdG9yZS91cy1jZW50cmFsMS9hcGkveFR1LWZ1QzFFc3c [none]
[debug] [2024-04-10T18:32:22.523Z] <<< [apiv2][status] GET https://cloudfunctions.googleapis.com/v1/operations/cG9rZW1vbi1nYWxhY3RpYy13ZWJzdG9yZS91cy1jZW50cmFsMS9hcGkveFR1LWZ1QzFFc3c 200
[debug] [2024-04-10T18:32:22.523Z] <<< [apiv2][body] GET https://cloudfunctions.googleapis.com/v1/operations/cG9rZW1vbi1nYWxhY3RpYy13ZWJzdG9yZS91cy1jZW50cmFsMS9hcGkveFR1LWZ1QzFFc3c {"name":"operations/cG9rZW1vbi1nYWxhY3RpYy13ZWJzdG9yZS91cy1jZW50cmFsMS9hcGkveFR1LWZ1QzFFc3c","metadata":{"@type":"type.googleapis.com/google.cloud.functions.v1.OperationMetadataV1","target":"projects/pokemon-galactic-webstore/locations/us-central1/functions/api","type":"UPDATE_FUNCTION","request":{"@type":"type.googleapis.com/google.cloud.functions.v1.CloudFunction","name":"projects/pokemon-galactic-webstore/locations/us-central1/functions/api","httpsTrigger":{"url":"https://us-central1-pokemon-galactic-webstore.cloudfunctions.net/api","securityLevel":"SECURE_ALWAYS"},"status":"OFFLINE","entryPoint":"api","updateTime":"2024-04-10T00:41:42.599Z","versionId":"5","labels":{"deployment-tool":"cli-firebase","firebase-functions-hash":"3c603f1409d36e2c719763809ad67d5c86371ca2"},"sourceUploadUrl":"https://storage.googleapis.com/uploads-745337322466.us-central1.cloudfunctions.appspot.com/6fae3d5b-6b70-478d-b6ea-2bc4d0659013.zip?GoogleAccessId=service-666118266980@gcf-admin-robot.iam.gserviceaccount.com&Expires=1712775736&Signature=jijUelq2r8Syua6Nq6i3oF72TXwHTsq%2FnTsrtTuYY3af%2BBpDl4ZQGMsQSFu22YfEsW%2FipdibkbWZTGGsgzuBg8s1%2Fi2UkKZRxGIuO3lTX%2FbTxGUjK3eQ6pj7CndLoq75nFNBuko3WkORuW%2F8hov7P%2Fl%2FPdpLa%2BmqdKjaJ%2F34Ua5u8IpCYAGvA%2B3jW6airSqgNkg8kUZeTNijNRYvJ5CLb7WUTFBQHQNoXMsaR%2FM4zWKfl5%2FO%2FWSvTK2mwHeTzTBBSxZjswVqoU5oSuCMhkcN07i%2FzgB0ypzt6aTosHK3fPEM4CRAZazBa6jTeN58WRnHCDveNoimy944pGfPFj5aog%3D%3D","environmentVariables":{"FIREBASE_CONFIG":"{\"projectId\":\"pokemon-galactic-webstore\",\"storageBucket\":\"pokemon-galactic-webstore.appspot.com\",\"locationId\":\"us-west3\"}","GCLOUD_PROJECT":"pokemon-galactic-webstore","EVENTARC_CLOUD_EVENT_SOURCE":"projects/pokemon-galactic-webstore/locations/us-central1/functions/api"},"runtime":"nodejs18","buildId":"0fbd8c13-1c09-4083-9093-7e0fd1d64a5d","buildEnvironmentVariables":{"GOOGLE_NODE_RUN_SCRIPTS":""},"buildName":"projects/666118266980/locations/us-central1/builds/0fbd8c13-1c09-4083-9093-7e0fd1d64a5d","dockerRegistry":"ARTIFACT_REGISTRY","automaticUpdatePolicy":{}},"versionId":"6","updateTime":"2024-04-10T18:32:18Z","buildId":"546e088f-84c9-41d4-9169-a367924f5ffc","buildName":"projects/666118266980/locations/us-central1/builds/546e088f-84c9-41d4-9169-a367924f5ffc"}}
[debug] [2024-04-10T18:32:26.526Z] [update-default-us-central1-api] Retrying task index 0
[debug] [2024-04-10T18:32:26.527Z] >>> [apiv2][query] GET https://cloudfunctions.googleapis.com/v1/operations/cG9rZW1vbi1nYWxhY3RpYy13ZWJzdG9yZS91cy1jZW50cmFsMS9hcGkveFR1LWZ1QzFFc3c [none]
[debug] [2024-04-10T18:32:26.661Z] <<< [apiv2][status] GET https://cloudfunctions.googleapis.com/v1/operations/cG9rZW1vbi1nYWxhY3RpYy13ZWJzdG9yZS91cy1jZW50cmFsMS9hcGkveFR1LWZ1QzFFc3c 200
[debug] [2024-04-10T18:32:26.661Z] <<< [apiv2][body] GET https://cloudfunctions.googleapis.com/v1/operations/cG9rZW1vbi1nYWxhY3RpYy13ZWJzdG9yZS91cy1jZW50cmFsMS9hcGkveFR1LWZ1QzFFc3c {"name":"operations/cG9rZW1vbi1nYWxhY3RpYy13ZWJzdG9yZS91cy1jZW50cmFsMS9hcGkveFR1LWZ1QzFFc3c","metadata":{"@type":"type.googleapis.com/google.cloud.functions.v1.OperationMetadataV1","target":"projects/pokemon-galactic-webstore/locations/us-central1/functions/api","type":"UPDATE_FUNCTION","request":{"@type":"type.googleapis.com/google.cloud.functions.v1.CloudFunction","name":"projects/pokemon-galactic-webstore/locations/us-central1/functions/api","httpsTrigger":{"url":"https://us-central1-pokemon-galactic-webstore.cloudfunctions.net/api","securityLevel":"SECURE_ALWAYS"},"status":"OFFLINE","entryPoint":"api","updateTime":"2024-04-10T00:41:42.599Z","versionId":"5","labels":{"deployment-tool":"cli-firebase","firebase-functions-hash":"3c603f1409d36e2c719763809ad67d5c86371ca2"},"sourceUploadUrl":"https://storage.googleapis.com/uploads-745337322466.us-central1.cloudfunctions.appspot.com/6fae3d5b-6b70-478d-b6ea-2bc4d0659013.zip?GoogleAccessId=service-666118266980@gcf-admin-robot.iam.gserviceaccount.com&Expires=1712775736&Signature=jijUelq2r8Syua6Nq6i3oF72TXwHTsq%2FnTsrtTuYY3af%2BBpDl4ZQGMsQSFu22YfEsW%2FipdibkbWZTGGsgzuBg8s1%2Fi2UkKZRxGIuO3lTX%2FbTxGUjK3eQ6pj7CndLoq75nFNBuko3WkORuW%2F8hov7P%2Fl%2FPdpLa%2BmqdKjaJ%2F34Ua5u8IpCYAGvA%2B3jW6airSqgNkg8kUZeTNijNRYvJ5CLb7WUTFBQHQNoXMsaR%2FM4zWKfl5%2FO%2FWSvTK2mwHeTzTBBSxZjswVqoU5oSuCMhkcN07i%2FzgB0ypzt6aTosHK3fPEM4CRAZazBa6jTeN58WRnHCDveNoimy944pGfPFj5aog%3D%3D","environmentVariables":{"FIREBASE_CONFIG":"{\"projectId\":\"pokemon-galactic-webstore\",\"storageBucket\":\"pokemon-galactic-webstore.appspot.com\",\"locationId\":\"us-west3\"}","GCLOUD_PROJECT":"pokemon-galactic-webstore","EVENTARC_CLOUD_EVENT_SOURCE":"projects/pokemon-galactic-webstore/locations/us-central1/functions/api"},"runtime":"nodejs18","buildId":"0fbd8c13-1c09-4083-9093-7e0fd1d64a5d","buildEnvironmentVariables":{"GOOGLE_NODE_RUN_SCRIPTS":""},"buildName":"projects/666118266980/locations/us-central1/builds/0fbd8c13-1c09-4083-9093-7e0fd1d64a5d","dockerRegistry":"ARTIFACT_REGISTRY","automaticUpdatePolicy":{}},"versionId":"6","updateTime":"2024-04-10T18:32:18Z","buildId":"546e088f-84c9-41d4-9169-a367924f5ffc","buildName":"projects/666118266980/locations/us-central1/builds/546e088f-84c9-41d4-9169-a367924f5ffc"}}
[debug] [2024-04-10T18:32:34.664Z] [update-default-us-central1-api] Retrying task index 0
[debug] [2024-04-10T18:32:34.664Z] >>> [apiv2][query] GET https://cloudfunctions.googleapis.com/v1/operations/cG9rZW1vbi1nYWxhY3RpYy13ZWJzdG9yZS91cy1jZW50cmFsMS9hcGkveFR1LWZ1QzFFc3c [none]
[debug] [2024-04-10T18:32:34.843Z] <<< [apiv2][status] GET https://cloudfunctions.googleapis.com/v1/operations/cG9rZW1vbi1nYWxhY3RpYy13ZWJzdG9yZS91cy1jZW50cmFsMS9hcGkveFR1LWZ1QzFFc3c 200
[debug] [2024-04-10T18:32:34.844Z] <<< [apiv2][body] GET https://cloudfunctions.googleapis.com/v1/operations/cG9rZW1vbi1nYWxhY3RpYy13ZWJzdG9yZS91cy1jZW50cmFsMS9hcGkveFR1LWZ1QzFFc3c {"name":"operations/cG9rZW1vbi1nYWxhY3RpYy13ZWJzdG9yZS91cy1jZW50cmFsMS9hcGkveFR1LWZ1QzFFc3c","metadata":{"@type":"type.googleapis.com/google.cloud.functions.v1.OperationMetadataV1","target":"projects/pokemon-galactic-webstore/locations/us-central1/functions/api","type":"UPDATE_FUNCTION","request":{"@type":"type.googleapis.com/google.cloud.functions.v1.CloudFunction","name":"projects/pokemon-galactic-webstore/locations/us-central1/functions/api","httpsTrigger":{"url":"https://us-central1-pokemon-galactic-webstore.cloudfunctions.net/api","securityLevel":"SECURE_ALWAYS"},"status":"OFFLINE","entryPoint":"api","updateTime":"2024-04-10T00:41:42.599Z","versionId":"5","labels":{"deployment-tool":"cli-firebase","firebase-functions-hash":"3c603f1409d36e2c719763809ad67d5c86371ca2"},"sourceUploadUrl":"https://storage.googleapis.com/uploads-745337322466.us-central1.cloudfunctions.appspot.com/6fae3d5b-6b70-478d-b6ea-2bc4d0659013.zip?GoogleAccessId=service-666118266980@gcf-admin-robot.iam.gserviceaccount.com&Expires=1712775736&Signature=jijUelq2r8Syua6Nq6i3oF72TXwHTsq%2FnTsrtTuYY3af%2BBpDl4ZQGMsQSFu22YfEsW%2FipdibkbWZTGGsgzuBg8s1%2Fi2UkKZRxGIuO3lTX%2FbTxGUjK3eQ6pj7CndLoq75nFNBuko3WkORuW%2F8hov7P%2Fl%2FPdpLa%2BmqdKjaJ%2F34Ua5u8IpCYAGvA%2B3jW6airSqgNkg8kUZeTNijNRYvJ5CLb7WUTFBQHQNoXMsaR%2FM4zWKfl5%2FO%2FWSvTK2mwHeTzTBBSxZjswVqoU5oSuCMhkcN07i%2FzgB0ypzt6aTosHK3fPEM4CRAZazBa6jTeN58WRnHCDveNoimy944pGfPFj5aog%3D%3D","environmentVariables":{"FIREBASE_CONFIG":"{\"projectId\":\"pokemon-galactic-webstore\",\"storageBucket\":\"pokemon-galactic-webstore.appspot.com\",\"locationId\":\"us-west3\"}","GCLOUD_PROJECT":"pokemon-galactic-webstore","EVENTARC_CLOUD_EVENT_SOURCE":"projects/pokemon-galactic-webstore/locations/us-central1/functions/api"},"runtime":"nodejs18","buildId":"0fbd8c13-1c09-4083-9093-7e0fd1d64a5d","buildEnvironmentVariables":{"GOOGLE_NODE_RUN_SCRIPTS":""},"buildName":"projects/666118266980/locations/us-central1/builds/0fbd8c13-1c09-4083-9093-7e0fd1d64a5d","dockerRegistry":"ARTIFACT_REGISTRY","automaticUpdatePolicy":{}},"versionId":"6","updateTime":"2024-04-10T18:32:18Z","buildId":"546e088f-84c9-41d4-9169-a367924f5ffc","buildName":"projects/666118266980/locations/us-central1/builds/546e088f-84c9-41d4-9169-a367924f5ffc"}}
[debug] [2024-04-10T18:32:44.848Z] [update-default-us-central1-api] Retrying task index 0
[debug] [2024-04-10T18:32:44.848Z] >>> [apiv2][query] GET https://cloudfunctions.googleapis.com/v1/operations/cG9rZW1vbi1nYWxhY3RpYy13ZWJzdG9yZS91cy1jZW50cmFsMS9hcGkveFR1LWZ1QzFFc3c [none]
[debug] [2024-04-10T18:32:45.022Z] <<< [apiv2][status] GET https://cloudfunctions.googleapis.com/v1/operations/cG9rZW1vbi1nYWxhY3RpYy13ZWJzdG9yZS91cy1jZW50cmFsMS9hcGkveFR1LWZ1QzFFc3c 200
[debug] [2024-04-10T18:32:45.022Z] <<< [apiv2][body] GET https://cloudfunctions.googleapis.com/v1/operations/cG9rZW1vbi1nYWxhY3RpYy13ZWJzdG9yZS91cy1jZW50cmFsMS9hcGkveFR1LWZ1QzFFc3c {"name":"operations/cG9rZW1vbi1nYWxhY3RpYy13ZWJzdG9yZS91cy1jZW50cmFsMS9hcGkveFR1LWZ1QzFFc3c","metadata":{"@type":"type.googleapis.com/google.cloud.functions.v1.OperationMetadataV1","target":"projects/pokemon-galactic-webstore/locations/us-central1/functions/api","type":"UPDATE_FUNCTION","request":{"@type":"type.googleapis.com/google.cloud.functions.v1.CloudFunction","name":"projects/pokemon-galactic-webstore/locations/us-central1/functions/api","httpsTrigger":{"url":"https://us-central1-pokemon-galactic-webstore.cloudfunctions.net/api","securityLevel":"SECURE_ALWAYS"},"status":"OFFLINE","entryPoint":"api","updateTime":"2024-04-10T00:41:42.599Z","versionId":"5","labels":{"deployment-tool":"cli-firebase","firebase-functions-hash":"3c603f1409d36e2c719763809ad67d5c86371ca2"},"sourceUploadUrl":"https://storage.googleapis.com/uploads-745337322466.us-central1.cloudfunctions.appspot.com/6fae3d5b-6b70-478d-b6ea-2bc4d0659013.zip?GoogleAccessId=service-666118266980@gcf-admin-robot.iam.gserviceaccount.com&Expires=1712775736&Signature=jijUelq2r8Syua6Nq6i3oF72TXwHTsq%2FnTsrtTuYY3af%2BBpDl4ZQGMsQSFu22YfEsW%2FipdibkbWZTGGsgzuBg8s1%2Fi2UkKZRxGIuO3lTX%2FbTxGUjK3eQ6pj7CndLoq75nFNBuko3WkORuW%2F8hov7P%2Fl%2FPdpLa%2BmqdKjaJ%2F34Ua5u8IpCYAGvA%2B3jW6airSqgNkg8kUZeTNijNRYvJ5CLb7WUTFBQHQNoXMsaR%2FM4zWKfl5%2FO%2FWSvTK2mwHeTzTBBSxZjswVqoU5oSuCMhkcN07i%2FzgB0ypzt6aTosHK3fPEM4CRAZazBa6jTeN58WRnHCDveNoimy944pGfPFj5aog%3D%3D","environmentVariables":{"FIREBASE_CONFIG":"{\"projectId\":\"pokemon-galactic-webstore\",\"storageBucket\":\"pokemon-galactic-webstore.appspot.com\",\"locationId\":\"us-west3\"}","GCLOUD_PROJECT":"pokemon-galactic-webstore","EVENTARC_CLOUD_EVENT_SOURCE":"projects/pokemon-galactic-webstore/locations/us-central1/functions/api"},"runtime":"nodejs18","buildId":"0fbd8c13-1c09-4083-9093-7e0fd1d64a5d","buildEnvironmentVariables":{"GOOGLE_NODE_RUN_SCRIPTS":""},"buildName":"projects/666118266980/locations/us-central1/builds/0fbd8c13-1c09-4083-9093-7e0fd1d64a5d","dockerRegistry":"ARTIFACT_REGISTRY","automaticUpdatePolicy":{}},"versionId":"6","updateTime":"2024-04-10T18:32:18Z","buildId":"546e088f-84c9-41d4-9169-a367924f5ffc","buildName":"projects/666118266980/locations/us-central1/builds/546e088f-84c9-41d4-9169-a367924f5ffc"}}
[debug] [2024-04-10T18:32:55.027Z] [update-default-us-central1-api] Retrying task index 0
[debug] [2024-04-10T18:32:55.027Z] >>> [apiv2][query] GET https://cloudfunctions.googleapis.com/v1/operations/cG9rZW1vbi1nYWxhY3RpYy13ZWJzdG9yZS91cy1jZW50cmFsMS9hcGkveFR1LWZ1QzFFc3c [none]
[debug] [2024-04-10T18:32:55.210Z] <<< [apiv2][status] GET https://cloudfunctions.googleapis.com/v1/operations/cG9rZW1vbi1nYWxhY3RpYy13ZWJzdG9yZS91cy1jZW50cmFsMS9hcGkveFR1LWZ1QzFFc3c 200
[debug] [2024-04-10T18:32:55.211Z] <<< [apiv2][body] GET https://cloudfunctions.googleapis.com/v1/operations/cG9rZW1vbi1nYWxhY3RpYy13ZWJzdG9yZS91cy1jZW50cmFsMS9hcGkveFR1LWZ1QzFFc3c {"name":"operations/cG9rZW1vbi1nYWxhY3RpYy13ZWJzdG9yZS91cy1jZW50cmFsMS9hcGkveFR1LWZ1QzFFc3c","metadata":{"@type":"type.googleapis.com/google.cloud.functions.v1.OperationMetadataV1","target":"projects/pokemon-galactic-webstore/locations/us-central1/functions/api","type":"UPDATE_FUNCTION","request":{"@type":"type.googleapis.com/google.cloud.functions.v1.CloudFunction","name":"projects/pokemon-galactic-webstore/locations/us-central1/functions/api","httpsTrigger":{"url":"https://us-central1-pokemon-galactic-webstore.cloudfunctions.net/api","securityLevel":"SECURE_ALWAYS"},"status":"OFFLINE","entryPoint":"api","updateTime":"2024-04-10T00:41:42.599Z","versionId":"5","labels":{"deployment-tool":"cli-firebase","firebase-functions-hash":"3c603f1409d36e2c719763809ad67d5c86371ca2"},"sourceUploadUrl":"https://storage.googleapis.com/uploads-745337322466.us-central1.cloudfunctions.appspot.com/6fae3d5b-6b70-478d-b6ea-2bc4d0659013.zip?GoogleAccessId=service-666118266980@gcf-admin-robot.iam.gserviceaccount.com&Expires=1712775736&Signature=jijUelq2r8Syua6Nq6i3oF72TXwHTsq%2FnTsrtTuYY3af%2BBpDl4ZQGMsQSFu22YfEsW%2FipdibkbWZTGGsgzuBg8s1%2Fi2UkKZRxGIuO3lTX%2FbTxGUjK3eQ6pj7CndLoq75nFNBuko3WkORuW%2F8hov7P%2Fl%2FPdpLa%2BmqdKjaJ%2F34Ua5u8IpCYAGvA%2B3jW6airSqgNkg8kUZeTNijNRYvJ5CLb7WUTFBQHQNoXMsaR%2FM4zWKfl5%2FO%2FWSvTK2mwHeTzTBBSxZjswVqoU5oSuCMhkcN07i%2FzgB0ypzt6aTosHK3fPEM4CRAZazBa6jTeN58WRnHCDveNoimy944pGfPFj5aog%3D%3D","environmentVariables":{"FIREBASE_CONFIG":"{\"projectId\":\"pokemon-galactic-webstore\",\"storageBucket\":\"pokemon-galactic-webstore.appspot.com\",\"locationId\":\"us-west3\"}","GCLOUD_PROJECT":"pokemon-galactic-webstore","EVENTARC_CLOUD_EVENT_SOURCE":"projects/pokemon-galactic-webstore/locations/us-central1/functions/api"},"runtime":"nodejs18","buildId":"0fbd8c13-1c09-4083-9093-7e0fd1d64a5d","buildEnvironmentVariables":{"GOOGLE_NODE_RUN_SCRIPTS":""},"buildName":"projects/666118266980/locations/us-central1/builds/0fbd8c13-1c09-4083-9093-7e0fd1d64a5d","dockerRegistry":"ARTIFACT_REGISTRY","automaticUpdatePolicy":{}},"versionId":"6","updateTime":"2024-04-10T18:32:18Z","buildId":"546e088f-84c9-41d4-9169-a367924f5ffc","buildName":"projects/666118266980/locations/us-central1/builds/546e088f-84c9-41d4-9169-a367924f5ffc"}}
[debug] [2024-04-10T18:33:05.216Z] [update-default-us-central1-api] Retrying task index 0
[debug] [2024-04-10T18:33:05.217Z] >>> [apiv2][query] GET https://cloudfunctions.googleapis.com/v1/operations/cG9rZW1vbi1nYWxhY3RpYy13ZWJzdG9yZS91cy1jZW50cmFsMS9hcGkveFR1LWZ1QzFFc3c [none]
[debug] [2024-04-10T18:33:05.393Z] <<< [apiv2][status] GET https://cloudfunctions.googleapis.com/v1/operations/cG9rZW1vbi1nYWxhY3RpYy13ZWJzdG9yZS91cy1jZW50cmFsMS9hcGkveFR1LWZ1QzFFc3c 200
[debug] [2024-04-10T18:33:05.393Z] <<< [apiv2][body] GET https://cloudfunctions.googleapis.com/v1/operations/cG9rZW1vbi1nYWxhY3RpYy13ZWJzdG9yZS91cy1jZW50cmFsMS9hcGkveFR1LWZ1QzFFc3c {"name":"operations/cG9rZW1vbi1nYWxhY3RpYy13ZWJzdG9yZS91cy1jZW50cmFsMS9hcGkveFR1LWZ1QzFFc3c","metadata":{"@type":"type.googleapis.com/google.cloud.functions.v1.OperationMetadataV1","target":"projects/pokemon-galactic-webstore/locations/us-central1/functions/api","type":"UPDATE_FUNCTION","request":{"@type":"type.googleapis.com/google.cloud.functions.v1.CloudFunction","name":"projects/pokemon-galactic-webstore/locations/us-central1/functions/api","httpsTrigger":{"url":"https://us-central1-pokemon-galactic-webstore.cloudfunctions.net/api","securityLevel":"SECURE_ALWAYS"},"status":"OFFLINE","entryPoint":"api","updateTime":"2024-04-10T00:41:42.599Z","versionId":"5","labels":{"deployment-tool":"cli-firebase","firebase-functions-hash":"3c603f1409d36e2c719763809ad67d5c86371ca2"},"sourceUploadUrl":"https://storage.googleapis.com/uploads-745337322466.us-central1.cloudfunctions.appspot.com/6fae3d5b-6b70-478d-b6ea-2bc4d0659013.zip?GoogleAccessId=service-666118266980@gcf-admin-robot.iam.gserviceaccount.com&Expires=1712775736&Signature=jijUelq2r8Syua6Nq6i3oF72TXwHTsq%2FnTsrtTuYY3af%2BBpDl4ZQGMsQSFu22YfEsW%2FipdibkbWZTGGsgzuBg8s1%2Fi2UkKZRxGIuO3lTX%2FbTxGUjK3eQ6pj7CndLoq75nFNBuko3WkORuW%2F8hov7P%2Fl%2FPdpLa%2BmqdKjaJ%2F34Ua5u8IpCYAGvA%2B3jW6airSqgNkg8kUZeTNijNRYvJ5CLb7WUTFBQHQNoXMsaR%2FM4zWKfl5%2FO%2FWSvTK2mwHeTzTBBSxZjswVqoU5oSuCMhkcN07i%2FzgB0ypzt6aTosHK3fPEM4CRAZazBa6jTeN58WRnHCDveNoimy944pGfPFj5aog%3D%3D","environmentVariables":{"FIREBASE_CONFIG":"{\"projectId\":\"pokemon-galactic-webstore\",\"storageBucket\":\"pokemon-galactic-webstore.appspot.com\",\"locationId\":\"us-west3\"}","GCLOUD_PROJECT":"pokemon-galactic-webstore","EVENTARC_CLOUD_EVENT_SOURCE":"projects/pokemon-galactic-webstore/locations/us-central1/functions/api"},"runtime":"nodejs18","buildId":"0fbd8c13-1c09-4083-9093-7e0fd1d64a5d","buildEnvironmentVariables":{"GOOGLE_NODE_RUN_SCRIPTS":""},"buildName":"projects/666118266980/locations/us-central1/builds/0fbd8c13-1c09-4083-9093-7e0fd1d64a5d","dockerRegistry":"ARTIFACT_REGISTRY","automaticUpdatePolicy":{}},"versionId":"6","updateTime":"2024-04-10T18:32:18Z","buildId":"546e088f-84c9-41d4-9169-a367924f5ffc","buildName":"projects/666118266980/locations/us-central1/builds/546e088f-84c9-41d4-9169-a367924f5ffc"}}
